[23:01:31] [Server thread/INFO]: Starting minecraft server version 1.8.8
[23:01:31] [Server thread/INFO]: Loading properties
[23:01:31] [Server thread/INFO]: Default game type: SURVIVAL
[23:01:31] [Server thread/INFO]: This server is running CraftBukkit version git-PaperSpigot-445 (MC: 1.8.8) (Implementing API version 1.8.8-R0.1-SNAPSHOT)
[23:01:32] [Server thread/INFO]: Debug logging is disabled
[23:01:32] [Server thread/INFO]: Spigot Timings: true - Verbose: true - Interval: 5m - Length: 60m
[23:01:32] [Server thread/INFO]: Server Ping Player Sample Count: 12

[23:01:32] [Server thread/INFO]: Using 4 threads for Netty based IO
[23:01:32] [Server thread/INFO]: Data value allowed items: 
[23:01:32] [Server thread/WARN]: java.lang.NoSuchFieldException: modifiers

[23:01:32] [Server thread/WARN]: 	at java.base/java.lang.Class.getDeclaredField(Class.java:2782)

[23:01:32] [Server thread/WARN]: 	at org.github.paperspigot.PaperSpigotConfig.stackableBuckets(PaperSpigotConfig.java:192)

[23:01:32] [Server thread/WARN]: 	at java.base/jdk.internal.reflect.DirectMethodHandleAccessor.invoke(DirectMethodHandleAccessor.java:103)

[23:01:32] [Server thread/WARN]: 	at java.base/java.lang.reflect.Method.invoke(Method.java:580)

[23:01:32] [Server thread/WARN]: 	at org.github.paperspigot.PaperSpigotConfig.readConfig(PaperSpigotConfig.java:84)

[23:01:32] [Server thread/WARN]: 	at org.github.paperspigot.PaperSpigotConfig.init(PaperSpigotConfig.java:62)

[23:01:32] [Server thread/WARN]: 	at net.minecraft.server.v1_8_R3.DedicatedServer.init(DedicatedServer.java:181)

[23:01:32] [Server thread/WARN]: 	at net.minecraft.server.v1_8_R3.MinecraftServer.run(MinecraftServer.java:563)

[23:01:32] [Server thread/WARN]: 	at java.base/java.lang.Thread.run(Thread.java:1583)

[23:01:32] [Server thread/INFO]: Generating keypair
[23:01:32] [Server thread/INFO]: Starting Minecraft server on localhost:25565
[23:01:32] [Server thread/INFO]: Your platform does not provide complete low-level API for accessing direct buffers reliably. Unless explicitly requested, heap buffer will always be preferred to avoid potential system unstability.
[23:01:32] [Server thread/INFO]: Using default channel type
[23:01:33] [Server thread/ERROR]: Ambiguous plugin name `EaglerPluginInstaller' for files `plugins/EaglerPluginInstaller-1.1.5.jar' and `plugins/EaglerPluginInstaller.jar' in `plugins'
[23:01:33] [Server thread/INFO]: Set PluginClassLoader as parallel capable
[23:01:33] [Server thread/ERROR]: Could not load 'plugins/Factions.jar' in folder 'plugins'
org.bukkit.plugin.UnknownDependencyException: mcore
	at org.bukkit.plugin.SimplePluginManager.loadPlugins(SimplePluginManager.java:222) ~[patched_1.8.8.jar:git-PaperSpigot-445]
	at org.bukkit.craftbukkit.v1_8_R3.CraftServer.loadPlugins(CraftServer.java:293) ~[patched_1.8.8.jar:git-PaperSpigot-445]
	at net.minecraft.server.v1_8_R3.DedicatedServer.init(DedicatedServer.java:202) ~[patched_1.8.8.jar:git-PaperSpigot-445]
	at net.minecraft.server.v1_8_R3.MinecraftServer.run(MinecraftServer.java:563) ~[patched_1.8.8.jar:git-PaperSpigot-445]
	at java.lang.Thread.run(Thread.java:1583) [?:?]
[23:01:33] [Server thread/INFO]: [SimpleTpa] Loading SimpleTpa v6.4
[23:01:33] [Server thread/INFO]: [[EaglerPluginInstaller]] Loading EaglerPluginInstaller v1.1.4
[23:01:33] [Server thread/INFO]: [SC] Loading SimpleClans2 v1.0.2-b540
[23:01:33] [Server thread/INFO]: [SimpleHomes] Loading SimpleHomes v2.2
[23:01:33] [Server thread/INFO]: [WorldEdit] Loading WorldEdit v6.1;no_git_id
[23:01:33] [Server thread/INFO]: [[EaglerPluginUpdater]] Loading EaglerPluginUpdater v1.1.2
[23:01:33] [Server thread/INFO]: [LoginSecurity] Loading LoginSecurity v3.2.0
[23:01:33] [Server thread/INFO]: [Clans] Loading Clans v1.2.1
[23:01:33] [Server thread/WARN]: **** SERVER IS RUNNING IN OFFLINE/INSECURE MODE!
[23:01:33] [Server thread/WARN]: The server will make no attempt to authenticate usernames. Beware.
[23:01:33] [Server thread/WARN]: Whilst this makes it possible to use BungeeCord, unless access to your server is properly restricted, it also opens up the ability for hackers to connect with any username they choose.
[23:01:33] [Server thread/WARN]: Please see http://www.spigotmc.org/wiki/firewall-guide/ for further information.
[23:01:33] [Server thread/WARN]: To change this, set "online-mode" to "true" in the server.properties file.
[23:01:33] [Server thread/INFO]: **** Beginning UUID conversion, this may take A LONG time ****
[23:01:33] [Server thread/INFO]: Preparing level "world"
[23:01:33] [Server thread/INFO]: -------- World Settings For [world] --------
[23:01:33] [Server thread/INFO]: Mob Spawn Range: 4
[23:01:33] [Server thread/INFO]: Anti X-Ray: true
[23:01:33] [Server thread/INFO]: 	Engine Mode: 1
[23:01:33] [Server thread/INFO]: 	Hidden Blocks: [14, 15, 16, 21, 48, 49, 54, 56, 73, 74, 82, 129, 130]
[23:01:33] [Server thread/INFO]: 	Replace Blocks: [1, 5]
[23:01:33] [Server thread/INFO]: Nerfing mobs spawned from spawners: false
[23:01:33] [Server thread/INFO]: Cactus Growth Modifier: 100%
[23:01:33] [Server thread/INFO]: Cane Growth Modifier: 100%
[23:01:33] [Server thread/INFO]: Melon Growth Modifier: 100%
[23:01:33] [Server thread/INFO]: Mushroom Growth Modifier: 100%
[23:01:33] [Server thread/INFO]: Pumpkin Growth Modifier: 100%
[23:01:33] [Server thread/INFO]: Sapling Growth Modifier: 100%
[23:01:33] [Server thread/INFO]: Wheat Growth Modifier: 100%
[23:01:33] [Server thread/INFO]: NetherWart Growth Modifier: 100%
[23:01:33] [Server thread/INFO]: Entity Activation Range: An 32 / Mo 32 / Mi 16
[23:01:33] [Server thread/INFO]: Entity Tracking Range: Pl 48 / An 48 / Mo 48 / Mi 32 / Other 64
[23:01:33] [Server thread/INFO]: Hopper Transfer: 8 Hopper Check: 8 Hopper Amount: 1
[23:01:33] [Server thread/INFO]: Random Lighting Updates: false
[23:01:33] [Server thread/INFO]: Structure Info Saving: true
[23:01:33] [Server thread/INFO]: Sending up to 10 chunks per packet
[23:01:33] [Server thread/INFO]: Max Entity Collisions: 8
[23:01:33] [Server thread/INFO]: Custom Map Seeds:  Village: 10387312 Feature: 14357617
[23:01:33] [Server thread/INFO]: Max TNT Explosions: 100
[23:01:33] [Server thread/INFO]: Tile Max Tick Time: 50ms Entity max Tick Time: 50ms
[23:01:33] [Server thread/INFO]: Item Despawn Rate: 6000
[23:01:33] [Server thread/INFO]: Item Merge Radius: 2.5
[23:01:33] [Server thread/INFO]: Arrow Despawn Rate: 1200
[23:01:33] [Server thread/INFO]: Allow Zombie Pigmen to spawn from portal blocks: true
[23:01:33] [Server thread/INFO]: View Distance: 4
[23:01:33] [Server thread/INFO]: Zombie Aggressive Towards Villager: true
[23:01:33] [Server thread/INFO]: Chunks to Grow per Tick: 650
[23:01:33] [Server thread/INFO]: Clear tick list: false
[23:01:33] [Server thread/INFO]: Experience Merge Radius: 3.0
[23:01:33] [Server thread/INFO]: -------- World Settings For [world] --------
[23:01:33] [Server thread/INFO]: Squids will spawn between Y: 45.0 and Y: 63.0
[23:01:33] [Server thread/INFO]: Max height for cactus growth 3. Max height for reed growth 3
[23:01:33] [Server thread/INFO]: Living Entity Despawn Ranges:  Soft: 32 Hard: 128
[23:01:33] [Server thread/INFO]: Player blocking damage multiplier set to 0.5
[23:01:33] [Server thread/INFO]: Remove invalid mob spawner tile entities: true
[23:01:33] [Server thread/INFO]: Water over lava flow speed: 5
[23:01:33] [Server thread/INFO]: Fix TNT cannons: false
[23:01:33] [Server thread/INFO]: Allow undead horse types to be leashed: false
[23:01:33] [Server thread/INFO]: Keep spawn chunk loaded: true
[23:01:33] [Server thread/INFO]: World async lighting: false
[23:01:33] [Server thread/INFO]: WorldServer TickNextTick cap set at 10000
[23:01:33] [Server thread/INFO]: WorldServer TickNextTickList cap always processes redstone: false
[23:01:33] [Server thread/INFO]: -------- World Settings For [world_nether] --------
[23:01:33] [Server thread/INFO]: Mob Spawn Range: 4
[23:01:33] [Server thread/INFO]: Anti X-Ray: true
[23:01:33] [Server thread/INFO]: 	Engine Mode: 1
[23:01:33] [Server thread/INFO]: 	Hidden Blocks: [14, 15, 16, 21, 48, 49, 54, 56, 73, 74, 82, 129, 130]
[23:01:33] [Server thread/INFO]: 	Replace Blocks: [1, 5]
[23:01:33] [Server thread/INFO]: Nerfing mobs spawned from spawners: false
[23:01:33] [Server thread/INFO]: Cactus Growth Modifier: 100%
[23:01:33] [Server thread/INFO]: Cane Growth Modifier: 100%
[23:01:33] [Server thread/INFO]: Melon Growth Modifier: 100%
[23:01:33] [Server thread/INFO]: Mushroom Growth Modifier: 100%
[23:01:33] [Server thread/INFO]: Pumpkin Growth Modifier: 100%
[23:01:33] [Server thread/INFO]: Sapling Growth Modifier: 100%
[23:01:33] [Server thread/INFO]: Wheat Growth Modifier: 100%
[23:01:33] [Server thread/INFO]: NetherWart Growth Modifier: 100%
[23:01:33] [Server thread/INFO]: Entity Activation Range: An 32 / Mo 32 / Mi 16
[23:01:33] [Server thread/INFO]: Entity Tracking Range: Pl 48 / An 48 / Mo 48 / Mi 32 / Other 64
[23:01:33] [Server thread/INFO]: Hopper Transfer: 8 Hopper Check: 8 Hopper Amount: 1
[23:01:33] [Server thread/INFO]: Random Lighting Updates: false
[23:01:33] [Server thread/INFO]: Structure Info Saving: true
[23:01:33] [Server thread/INFO]: Sending up to 10 chunks per packet
[23:01:33] [Server thread/INFO]: Max Entity Collisions: 8
[23:01:33] [Server thread/INFO]: Custom Map Seeds:  Village: 10387312 Feature: 14357617
[23:01:33] [Server thread/INFO]: Max TNT Explosions: 100
[23:01:33] [Server thread/INFO]: Tile Max Tick Time: 50ms Entity max Tick Time: 50ms
[23:01:33] [Server thread/INFO]: Item Despawn Rate: 6000
[23:01:33] [Server thread/INFO]: Item Merge Radius: 2.5
[23:01:33] [Server thread/INFO]: Arrow Despawn Rate: 1200
[23:01:33] [Server thread/INFO]: Allow Zombie Pigmen to spawn from portal blocks: true
[23:01:33] [Server thread/INFO]: View Distance: 4
[23:01:33] [Server thread/INFO]: Zombie Aggressive Towards Villager: true
[23:01:33] [Server thread/INFO]: Chunks to Grow per Tick: 650
[23:01:33] [Server thread/INFO]: Clear tick list: false
[23:01:33] [Server thread/INFO]: Experience Merge Radius: 3.0
[23:01:33] [Server thread/INFO]: -------- World Settings For [world_nether] --------
[23:01:33] [Server thread/INFO]: Squids will spawn between Y: 45.0 and Y: 63.0
[23:01:33] [Server thread/INFO]: Max height for cactus growth 3. Max height for reed growth 3
[23:01:33] [Server thread/INFO]: Living Entity Despawn Ranges:  Soft: 32 Hard: 128
[23:01:33] [Server thread/INFO]: Player blocking damage multiplier set to 0.5
[23:01:33] [Server thread/INFO]: Remove invalid mob spawner tile entities: true
[23:01:33] [Server thread/INFO]: Water over lava flow speed: 5
[23:01:33] [Server thread/INFO]: Fix TNT cannons: false
[23:01:33] [Server thread/INFO]: Allow undead horse types to be leashed: false
[23:01:33] [Server thread/INFO]: Keep spawn chunk loaded: true
[23:01:33] [Server thread/INFO]: World async lighting: false
[23:01:33] [Server thread/INFO]: WorldServer TickNextTick cap set at 10000
[23:01:33] [Server thread/INFO]: WorldServer TickNextTickList cap always processes redstone: false
[23:01:33] [Server thread/INFO]: -------- World Settings For [world_the_end] --------
[23:01:33] [Server thread/INFO]: Mob Spawn Range: 4
[23:01:33] [Server thread/INFO]: Anti X-Ray: true
[23:01:33] [Server thread/INFO]: 	Engine Mode: 1
[23:01:33] [Server thread/INFO]: 	Hidden Blocks: [14, 15, 16, 21, 48, 49, 54, 56, 73, 74, 82, 129, 130]
[23:01:33] [Server thread/INFO]: 	Replace Blocks: [1, 5]
[23:01:33] [Server thread/INFO]: Nerfing mobs spawned from spawners: false
[23:01:33] [Server thread/INFO]: Cactus Growth Modifier: 100%
[23:01:33] [Server thread/INFO]: Cane Growth Modifier: 100%
[23:01:33] [Server thread/INFO]: Melon Growth Modifier: 100%
[23:01:33] [Server thread/INFO]: Mushroom Growth Modifier: 100%
[23:01:33] [Server thread/INFO]: Pumpkin Growth Modifier: 100%
[23:01:33] [Server thread/INFO]: Sapling Growth Modifier: 100%
[23:01:33] [Server thread/INFO]: Wheat Growth Modifier: 100%
[23:01:33] [Server thread/INFO]: NetherWart Growth Modifier: 100%
[23:01:33] [Server thread/INFO]: Entity Activation Range: An 32 / Mo 32 / Mi 16
[23:01:33] [Server thread/INFO]: Entity Tracking Range: Pl 48 / An 48 / Mo 48 / Mi 32 / Other 64
[23:01:33] [Server thread/INFO]: Hopper Transfer: 8 Hopper Check: 8 Hopper Amount: 1
[23:01:33] [Server thread/INFO]: Random Lighting Updates: false
[23:01:33] [Server thread/INFO]: Structure Info Saving: true
[23:01:33] [Server thread/INFO]: Sending up to 10 chunks per packet
[23:01:33] [Server thread/INFO]: Max Entity Collisions: 8
[23:01:33] [Server thread/INFO]: Custom Map Seeds:  Village: 10387312 Feature: 14357617
[23:01:33] [Server thread/INFO]: Max TNT Explosions: 100
[23:01:33] [Server thread/INFO]: Tile Max Tick Time: 50ms Entity max Tick Time: 50ms
[23:01:33] [Server thread/INFO]: Item Despawn Rate: 6000
[23:01:33] [Server thread/INFO]: Item Merge Radius: 2.5
[23:01:33] [Server thread/INFO]: Arrow Despawn Rate: 1200
[23:01:33] [Server thread/INFO]: Allow Zombie Pigmen to spawn from portal blocks: true
[23:01:33] [Server thread/INFO]: View Distance: 4
[23:01:33] [Server thread/INFO]: Zombie Aggressive Towards Villager: true
[23:01:33] [Server thread/INFO]: Chunks to Grow per Tick: 650
[23:01:33] [Server thread/INFO]: Clear tick list: false
[23:01:33] [Server thread/INFO]: Experience Merge Radius: 3.0
[23:01:33] [Server thread/INFO]: -------- World Settings For [world_the_end] --------
[23:01:33] [Server thread/INFO]: Squids will spawn between Y: 45.0 and Y: 63.0
[23:01:33] [Server thread/INFO]: Max height for cactus growth 3. Max height for reed growth 3
[23:01:33] [Server thread/INFO]: Living Entity Despawn Ranges:  Soft: 32 Hard: 128
[23:01:33] [Server thread/INFO]: Player blocking damage multiplier set to 0.5
[23:01:33] [Server thread/INFO]: Remove invalid mob spawner tile entities: true
[23:01:33] [Server thread/INFO]: Water over lava flow speed: 5
[23:01:33] [Server thread/INFO]: Fix TNT cannons: false
[23:01:33] [Server thread/INFO]: Allow undead horse types to be leashed: false
[23:01:33] [Server thread/INFO]: Keep spawn chunk loaded: true
[23:01:33] [Server thread/INFO]: World async lighting: false
[23:01:33] [Server thread/INFO]: WorldServer TickNextTick cap set at 10000
[23:01:33] [Server thread/INFO]: WorldServer TickNextTickList cap always processes redstone: false
[23:01:33] [Server thread/INFO]: Preparing start region for level 0 (Seed: 7774195382516779341)
[23:01:34] [Server thread/INFO]: Preparing spawn area: 13%
[23:01:35] [Server thread/INFO]: Preparing spawn area: 45%
[23:01:36] [Server thread/INFO]: Preparing spawn area: 96%
[23:01:37] [Server thread/INFO]: Preparing start region for level 1 (Seed: 7774195382516779341)
[23:01:38] [Server thread/INFO]: Preparing spawn area: 21%
[23:01:39] [Server thread/INFO]: Preparing spawn area: 78%
[23:01:39] [Server thread/INFO]: Preparing start region for level 2 (Seed: 7774195382516779341)
[23:01:39] [Server thread/INFO]: [SimpleTpa] Enabling SimpleTpa v6.4
[23:01:39] [Server thread/INFO]: [0;33;1m[21m[SimpleTpa] If you need support contact me at https://discord.gg/SZUkza9[m

[23:01:39] [Server thread/INFO]: [0;33;1m[21m[SimpleTpa] Simple Tpa has been enabled on version 6.4[m

[23:01:39] [Server thread/INFO]: Enabled metrics. You may opt-out by changing plugins/bStats/config.yml
[23:01:39] [Server thread/INFO]: [[EaglerPluginInstaller]] Enabling EaglerPluginInstaller v1.1.4
[23:01:39] [Server thread/INFO]: Check 1 passed

[23:01:40] [Server thread/INFO]: Check 3 passed

[23:01:40] [Server thread/INFO]: --------------------------------------------[m

[23:01:40] [Server thread/INFO]: --------------------------------------------[m

[23:01:40] [Server thread/INFO]: [0;32;1m[EaglerPluginInstaller][0;36;1m EaglerPluginInstaller V1.1.5 is now Enabled! :D[m

[23:01:40] [Server thread/INFO]: To use PluginInstaller, run the command "/install <pluginname>" ("install <pluginname>" in console) to install a plugin[m

[23:01:40] [Server thread/INFO]: To get a list of installable plugins, use the command "/plist" or "plist" in console[m

[23:01:40] [Server thread/INFO]: You can request to add a new plugin to the database by going to https://github.com/darverdevs/PluginInstallerRepo/tree/main[m

[23:01:40] [Server thread/INFO]: and creating an issue or pull request of the plugin you want to add[m

[23:01:40] [Server thread/INFO]: --------------------------------------------[m

[23:01:40] [Server thread/INFO]: --------------------------------------------[m

[23:01:40] [Server thread/INFO]: [SC] Enabling SimpleClans2 v1.0.2-b540
[23:01:40] [Server thread/INFO]: [SC] Loading Settings...
[23:01:40] [Server thread/INFO]: [SC] Loading the settings finished! Took 2 ms!
[23:01:40] [Server thread/INFO]: [SC] Loading the language file..
[23:01:40] [Server thread/INFO]: [SC] Loading the language file finished! Took 17 ms!
[23:01:40] [Server thread/ERROR]: [SC] Economy features disabled due to no Economy dependency found!
[23:01:40] [Server thread/INFO]: [SC] ----------------------------------------------
[23:01:40] [Server thread/ERROR]: [SC] The connection to the database failed: com.mysql.jdbc.exceptions.jdbc4.CommunicationsException: Communications link failure

The last packet sent successfully to the server was 0 milliseconds ago. The driver has not received any packets from the server.!
[23:01:40] [Server thread/ERROR]: [SC] If you do not have a MySQL database you can use a SQLite database!
[23:01:40] [Server thread/INFO]: [SC] ----------------------------------------------
[23:01:40] [Server thread/INFO]: [SC] Disabling SimpleClans2 v1.0.2-b540
[23:01:40] [Server thread/INFO]: [SimpleHomes] Enabling SimpleHomes v2.2
[23:01:40] [Server thread/INFO]: [WorldEdit] Enabling WorldEdit v6.1;no_git_id
[23:01:40] [Server thread/INFO]: WEPIF: Using the Bukkit Permissions API.
[23:01:40] [Server thread/INFO]: [WorldEdit] Using com.sk89q.worldedit.bukkit.adapter.impl.Spigot_v1_8_R3 as the Bukkit adapter
[23:01:40] [Server thread/INFO]: [[EaglerPluginUpdater]] Enabling EaglerPluginUpdater v1.1.2
[23:01:41] [Server thread/INFO]: [[EaglerPluginInstaller]] Disabling EaglerPluginInstaller v1.1.4
[23:01:41] [Server thread/INFO]: --------------------------------------------[m

[23:01:41] [Server thread/INFO]: --------------------------------------------[m

[23:01:41] [Server thread/INFO]: [0;32;1m[EaglerPluginInstaller][0;36;1m PluginInstaller V1.1.5 is now Disabled! D:[m

[23:01:41] [Server thread/INFO]: --------------------------------------------[m

[23:01:41] [Server thread/INFO]: --------------------------------------------[m

[23:01:41] [Server thread/INFO]: [[EaglerPluginInstaller]] Enabling EaglerPluginInstaller v1.1.4
[23:01:41] [Server thread/INFO]: Check 1 passed

[23:01:41] [Server thread/INFO]: Check 3 passed

[23:01:41] [Server thread/INFO]: --------------------------------------------[m

[23:01:41] [Server thread/INFO]: --------------------------------------------[m

[23:01:41] [Server thread/INFO]: [0;32;1m[EaglerPluginInstaller][0;36;1m EaglerPluginInstaller V1.1.5 is now Enabled! :D[m

[23:01:41] [Server thread/INFO]: To use PluginInstaller, run the command "/install <pluginname>" ("install <pluginname>" in console) to install a plugin[m

[23:01:41] [Server thread/INFO]: To get a list of installable plugins, use the command "/plist" or "plist" in console[m

[23:01:41] [Server thread/INFO]: You can request to add a new plugin to the database by going to https://github.com/darverdevs/PluginInstallerRepo/tree/main[m

[23:01:41] [Server thread/INFO]: and creating an issue or pull request of the plugin you want to add[m

[23:01:41] [Server thread/INFO]: --------------------------------------------[m

[23:01:41] [Server thread/INFO]: --------------------------------------------[m

[23:01:41] [Server thread/INFO]: --------------------------------------------[m

[23:01:41] [Server thread/INFO]: --------------------------------------------[m

[23:01:41] [Server thread/INFO]: [0;32;1m[EaglerPluginUpdater][0;36;1m EaglerPluginUpdater V1.1.2 is now Enabled! :D[m

[23:01:41] [Server thread/INFO]: You do not need to do anything, this plugin will automatically update your PluginUpdater on startup[m

[23:01:41] [Server thread/INFO]: --------------------------------------------[m

[23:01:41] [Server thread/INFO]: --------------------------------------------[m

[23:01:41] [Server thread/INFO]: [LoginSecurity] Enabling LoginSecurity v3.2.0
[23:01:41] [Server thread/INFO]: [LoginSecurity] Loading base translations from "en_us"
[23:01:41] [Server thread/INFO]: [LoginSecurity] Loading specified translations from "en_us"
[23:01:41] [Server thread/INFO]: [LoginSecurity] Registering commands...
[23:01:41] [Server thread/INFO]: [LoginSecurity] Registering listeners...
[23:01:41] [Server thread/INFO]: [Clans] Enabling Clans v1.2.1
[23:01:41] [Server thread/WARN]: [Clans] Can't connect to the database. Are the credentials correctly set?
[23:01:41] [Server thread/WARN]: [Clans] This plugin requires a database! Shutting down...
[23:01:41] [Server thread/INFO]: [Clans] Disabling Clans v1.2.1
[23:01:41] [Server thread/INFO]: Server permissions file permissions.yml is empty, ignoring it
[23:01:41] [Server thread/INFO]: Done (7.867s)! For help, type "help" or "?"
[23:01:41] [Server thread/INFO]: Timings Reset
[23:01:41] [Craft Scheduler Thread - 0/INFO]: [0;31;1m[21m[SimpleTpa] There is a new update available.[m

[23:01:41] [Craft Scheduler Thread - 0/INFO]: [0;31;1m[SimpleTpa] There is a new update available:[m

[23:01:41] [Craft Scheduler Thread - 0/INFO]: [0;31;1m[SimpleTpa] https://www.spigotmc.org/resources/simple-tpa.64270/[m

[23:01:42] [Thread-7/INFO]: UUID of player dummy is a29a34e8-fb0c-3288-98e9-aafdba8b021f
[23:01:42] [Server thread/INFO]: dummy[/[0:0:0:0:0:0:0:1]:60098] logged in with entity id 617 at ([world]217.90577663995305, 52.0, 462.36940311044214)
[23:01:49] [Thread-8/INFO]: UUID of player Speedyblue is 3f54f202-63bc-3ecc-9548-b5905d068ae8
[23:01:49] [Server thread/INFO]: dummy issued server command: /help minecraft 5
[23:01:49] [Server thread/INFO]: Speedyblue[/[0:0:0:0:0:0:0:1]:41982] logged in with entity id 757 at ([world]220.6172442130052, 53.7531999805212, 461.5232257757894)
[23:02:03] [Server thread/INFO]: dummy issued server command: /help minecraft 6
[23:02:09] [Server thread/INFO]: dummy issued server command: /title
[23:02:14] [Server thread/INFO]: dummy issued server command: /title dummy owner
[23:02:19] [Server thread/INFO]: Speedyblue issued server command: /home base
[23:02:25] [Server thread/INFO]: dummy issued server command: /title dummy owner:owner
[23:02:40] [Server thread/INFO]: dummy issued server command: /tellraw speedyblue hi
[23:02:41] [Server thread/INFO]: dummy issued server command: /tellraw speedyblue hi
[23:02:42] [Server thread/INFO]: dummy issued server command: /tellraw speedyblue hi
[23:02:42] [Server thread/INFO]: dummy issued server command: /tellraw speedyblue hi
[23:02:42] [Server thread/INFO]: dummy issued server command: /tellraw speedyblue hi
[23:02:43] [Server thread/INFO]: dummy issued server command: /title dummy owner:owner
[23:02:45] [Server thread/INFO]: dummy issued server command: /tellraw speedyblue hi
[23:02:45] [Server thread/INFO]: dummy issued server command: /tellraw speedyblue hi
[23:02:45] [Server thread/INFO]: dummy issued server command: /tellraw speedyblue hi
[23:02:46] [Server thread/INFO]: dummy issued server command: /tellraw speedyblue hi
[23:02:47] [Server thread/INFO]: dummy issued server command: /tellraw speedyblue hi
[23:02:50] [Server thread/INFO]: dummy issued server command: /summon
[23:02:58] [Server thread/INFO]: dummy issued server command: /summon zombie 229 54 456
[23:02:58] [Server thread/WARN]: Skipping Entity with id zombie
[23:02:58] [Server thread/INFO]: [dummy: Unable to summon object]
[23:03:01] [Server thread/INFO]: dummy issued server command: /summon zombie 229 54 456
[23:03:01] [Server thread/WARN]: Skipping Entity with id zombie
[23:03:01] [Server thread/INFO]: [dummy: Unable to summon object]
[23:03:06] [Server thread/INFO]: dummy issued server command: /summon minecraft:zombie 229 54 456
[23:03:06] [Server thread/WARN]: Skipping Entity with id minecraft:zombie
[23:03:06] [Server thread/INFO]: [dummy: Unable to summon object]
[23:03:07] [Server thread/INFO]: dummy issued server command: /summon minecraft:zombie 229 54 456
[23:03:07] [Server thread/WARN]: Skipping Entity with id minecraft:zombie
[23:03:07] [Server thread/INFO]: [dummy: Unable to summon object]
[23:03:11] [Server thread/INFO]: dummy issued server command: /summon minecraft:Zombie 229 54 456
[23:03:11] [Server thread/WARN]: Skipping Entity with id minecraft:Zombie
[23:03:11] [Server thread/INFO]: [dummy: Unable to summon object]
[23:03:14] [Server thread/INFO]: dummy issued server command: /summon minecraft:Zombie 229 54 456
[23:03:14] [Server thread/WARN]: Skipping Entity with id minecraft:Zombie
[23:03:14] [Server thread/INFO]: [dummy: Unable to summon object]
[23:03:16] [Server thread/INFO]: dummy issued server command: /tp speedyblue
[23:03:16] [Server thread/INFO]: [dummy: Teleported dummy to Speedyblue]
[23:03:35] [Server thread/INFO]: dummy issued server command: /home s
[23:03:42] [Server thread/INFO]: dummy issued server command: /help minecraft 7
[23:04:03] [Server thread/INFO]: dummy issued server command: /worldborder
[23:04:53] [Server thread/INFO]: dummy issued server command: /tp speedyblue
[23:04:53] [Server thread/INFO]: [dummy: Teleported dummy to Speedyblue]
[23:05:50] [Server thread/INFO]: Speedyblue issued server command: /home base
[23:06:38] [Server thread/INFO]: dummy issued server command: /tp speedyblue dummy
[23:06:38] [Server thread/INFO]: [dummy: Teleported Speedyblue to dummy]
[23:06:42] [Server thread/INFO]: dummy issued server command: /gamemode spectator
[23:06:42] [Server thread/INFO]: [dummy: Set own game mode to Spectator Mode]
[23:06:47] [Server thread/INFO]: dummy issued server command: /gamemode c
[23:06:47] [Server thread/INFO]: [dummy: Set own game mode to Creative Mode]
[23:07:14] [Server thread/INFO]: Speedyblue was shot by dummy
[23:07:28] [Server thread/INFO]: Speedyblue issued server command: /back
[23:08:27] [Server thread/INFO]: Speedyblue issued server command: /home bass
[23:08:50] [Server thread/INFO]: dummy issued server command: /tp speedyblue dummy
[23:08:50] [Server thread/INFO]: [dummy: Teleported Speedyblue to dummy]
[23:08:53] [Server thread/INFO]: dummy issued server command: /gamemode spectator
[23:08:53] [Server thread/INFO]: [dummy: Set own game mode to Spectator Mode]
[23:08:56] [Server thread/INFO]: dummy issued server command: /gamemode c
[23:08:56] [Server thread/INFO]: [dummy: Set own game mode to Creative Mode]
[23:09:11] [Server thread/INFO]: Speedyblue was slain by Silverfish
[23:09:51] [Server thread/INFO]: dummy issued server command: /tp speedyblue dummy
[23:09:51] [Server thread/INFO]: [dummy: Teleported Speedyblue to dummy]
[23:11:24] [Server thread/INFO]: dummy issued server command: /tp t34m1nal
[23:11:24] [Server thread/INFO]: [dummy: The entity UUID provided is in an invalid format]
[23:11:50] [Server thread/INFO]: dummy issued server command: /home r
[23:11:59] [Server thread/INFO]: dummy issued server command: /gamemode spectator
[23:11:59] [Server thread/INFO]: [dummy: Set own game mode to Spectator Mode]
[23:12:02] [Server thread/INFO]: dummy issued server command: /gamemode c
[23:12:02] [Server thread/INFO]: [dummy: Set own game mode to Creative Mode]
[23:12:13] [Server thread/INFO]: dummy issued server command: /gamemode spectatoe
[23:12:13] [Server thread/INFO]: [dummy: 'spectatoe' is not a valid number]
[23:12:15] [Server thread/INFO]: dummy issued server command: /gamemode spectator
[23:12:15] [Server thread/INFO]: [dummy: Set own game mode to Spectator Mode]
[23:12:17] [Server thread/INFO]: dummy issued server command: /gamemode c
[23:12:17] [Server thread/INFO]: [dummy: Set own game mode to Creative Mode]
[23:12:25] [Server thread/INFO]: dummy issued server command: /tp speedyblue dummy
[23:12:25] [Server thread/INFO]: [dummy: Teleported Speedyblue to dummy]
[23:12:42] [Server thread/INFO]: Speedyblue issued server command: /home base
[23:12:51] [Server thread/INFO]: dummy issued server command: /gamemode s
[23:12:51] [Server thread/INFO]: [dummy: Set own game mode to Survival Mode]
[23:12:58] [Server thread/INFO]: dummy issued server command: /gamemode c
[23:12:58] [Server thread/INFO]: [dummy: Set own game mode to Creative Mode]
[23:13:04] [Server thread/INFO]: Speedyblue issued server command: /home base
[23:13:26] [Server thread/INFO]: dummy issued server command: /
[23:13:41] [Server thread/INFO]: dummy issued server command: /gamemode s
[23:13:41] [Server thread/INFO]: [dummy: Set own game mode to Survival Mode]
[23:13:45] [Server thread/INFO]: dummy issued server command: /gamemode spectator
[23:13:45] [Server thread/INFO]: [dummy: Set own game mode to Spectator Mode]
[23:13:48] [Server thread/INFO]: dummy issued server command: /gamemode c
[23:13:48] [Server thread/INFO]: [dummy: Set own game mode to Creative Mode]
[23:13:53] [Server thread/INFO]: dummy issued server command: /gamemode spectator
[23:13:53] [Server thread/INFO]: [dummy: Set own game mode to Spectator Mode]
[23:13:56] [Server thread/INFO]: dummy issued server command: /gamemode c
[23:13:56] [Server thread/INFO]: [dummy: Set own game mode to Creative Mode]
[23:14:00] [Server thread/INFO]: dummy issued server command: /tp speedyblue dummy
[23:14:00] [Server thread/INFO]: [dummy: Teleported Speedyblue to dummy]
[23:14:03] [Server thread/INFO]: dummy issued server command: /gamemode s
[23:14:03] [Server thread/INFO]: [dummy: Set own game mode to Survival Mode]
[23:14:37] [Server thread/INFO]: dummy was slain by Speedyblue using [Infinity]
[23:14:41] [Server thread/INFO]: Speedyblue issued server command: /home base
[23:14:43] [Server thread/INFO]: dummy issued server command: /ban speedyblue infinity use
[23:14:43] [Server thread/INFO]: Speedyblue lost connection: You are banned from this server.
[23:14:43] [Server thread/INFO]: Speedyblue left the game.
[23:14:43] [Server thread/INFO]: [dummy: Banned player speedyblue]
[23:14:43] [Server thread/WARN]: handleDisconnection() called twice
[23:14:45] [Server thread/INFO]: dummy issued server command: /home r
[23:14:51] [Server thread/INFO]: dummy issued server command: /gamemode spectator
[23:14:51] [Server thread/INFO]: [dummy: Set own game mode to Spectator Mode]
[23:14:54] [Server thread/INFO]: dummy issued server command: /gamemode c
[23:14:54] [Server thread/INFO]: [dummy: Set own game mode to Creative Mode]
[23:14:57] [Server thread/INFO]: dummy issued server command: /pardon speedyblue
[23:14:57] [Server thread/INFO]: [dummy: Unbanned player speedyblue]
[23:16:03] [Thread-10/INFO]: UUID of player Speedyblue is 3f54f202-63bc-3ecc-9548-b5905d068ae8
[23:16:04] [Server thread/INFO]: Speedyblue[/[0:0:0:0:0:0:0:1]:57314] logged in with entity id 2130 at ([world]11733.776958016997, 102.0, 12050.91568882337)
[23:16:16] [Server thread/INFO]: Speedyblue issued server command: /home base
[23:18:25] [Server thread/INFO]: dummy issued server command: /tp speedyblue dummy
[23:18:25] [Server thread/INFO]: [dummy: Teleported Speedyblue to dummy]
[23:18:27] [Server thread/INFO]: dummy issued server command: /gamemode s
[23:18:27] [Server thread/INFO]: [dummy: Set own game mode to Survival Mode]
[23:19:47] [Server thread/INFO]: Speedyblue was killed by dummy using magic
[23:19:53] [Server thread/INFO]: Speedyblue issued server command: /back
[23:19:59] [Async Chat Thread - #0/INFO]: <dummy> ITS NOT RIGHT OR WRONG[m

[23:20:01] [Async Chat Thread - #0/INFO]: <dummy> ITS NOT RIGHT OR WRONG[m

[23:20:30] [Server thread/INFO]: Speedyblue was slain by dummy
[23:20:34] [Server thread/INFO]: Speedyblue issued server command: /back
[23:21:28] [Server thread/INFO]: Speedyblue issued server command: /home base
[23:21:32] [Server thread/INFO]: dummy issued server command: /gamemode c
[23:21:32] [Server thread/INFO]: [dummy: Set own game mode to Creative Mode]
[23:21:36] [Server thread/INFO]: Speedyblue issued server command: /home base
[23:21:47] [Server thread/INFO]: dummy issued server command: /tp speedyblue dummy
[23:21:47] [Server thread/INFO]: [dummy: Teleported Speedyblue to dummy]
[23:21:48] [Server thread/INFO]: Speedyblue was slain by dummy
[23:21:55] [Server thread/INFO]: dummy issued server command: /home sl
[23:21:57] [Server thread/INFO]: Speedyblue issued server command: /back
[23:22:21] [Server thread/INFO]: dummy issued server command: /tp speedyblue dummy
[23:22:21] [Server thread/INFO]: [dummy: Teleported Speedyblue to dummy]
