[23:01:34] [main/INFO]: Using mbed TLS based native cipher.
[23:01:34] [main/INFO]: Using zlib based native compressor.
[23:01:34] [main/INFO]: Enabled Waterfall version git:Waterfall-Bootstrap:1.19-R0.1-SNAPSHOT:f6069e2:513
[23:01:34] [main/INFO]: Not on Windows, attempting to use enhanced EpollEventLoop
[23:01:34] [main/INFO]: Epoll is working, utilising it!
[23:01:34] [main/INFO]: Discovered module: ModuleSpec(name=cmd_alert, file=modules/cmd_alert.jar, provider=JenkinsModuleSource())
[23:01:34] [main/INFO]: Discovered module: ModuleSpec(name=cmd_find, file=modules/cmd_find.jar, provider=JenkinsModuleSource())
[23:01:34] [main/INFO]: Discovered module: ModuleSpec(name=cmd_list, file=modules/cmd_list.jar, provider=JenkinsModuleSource())
[23:01:34] [main/INFO]: Discovered module: ModuleSpec(name=cmd_send, file=modules/cmd_send.jar, provider=JenkinsModuleSource())
[23:01:34] [main/INFO]: Discovered module: ModuleSpec(name=cmd_server, file=modules/cmd_server.jar, provider=JenkinsModuleSource())
[23:01:34] [main/INFO]: Discovered module: ModuleSpec(name=reconnect_yaml, file=modules/reconnect_yaml.jar, provider=JenkinsModuleSource())
[23:01:35] [main/INFO]: Loaded plugin reconnect_yaml version git:reconnect_yaml:1.19-R0.1-SNAPSHOT:f6069e2:513 by WaterfallMC
[23:01:35] [main/INFO]: Loaded plugin cmd_find version git:cmd_find:1.19-R0.1-SNAPSHOT:f6069e2:513 by WaterfallMC
[23:01:35] [main/INFO]: Loaded plugin cmd_server version git:cmd_server:1.19-R0.1-SNAPSHOT:f6069e2:513 by WaterfallMC
[23:01:35] [main/INFO]: Loaded plugin cmd_alert version git:cmd_alert:1.19-R0.1-SNAPSHOT:f6069e2:513 by WaterfallMC
[23:01:35] [main/INFO]: Loaded plugin cmd_send version git:cmd_send:1.19-R0.1-SNAPSHOT:f6069e2:513 by WaterfallMC
[23:01:35] [main/INFO]: Loaded plugin cmd_list version git:cmd_list:1.19-R0.1-SNAPSHOT:f6069e2:513 by WaterfallMC
[23:01:35] [main/WARN]: :>:>:>:>:>:>:>:>:>:>:>:>:>:>:>:>:>:>:>:>:>:>:>
[23:01:35] [main/WARN]: :>  
[23:01:35] [main/WARN]: :>      EAGLERCRAFTXBUNGEE WARNING:
[23:01:35] [main/WARN]: :>  
[23:01:35] [main/WARN]: :>  This plugin wasn't tested to be 'working'
[23:01:35] [main/WARN]: :>  with ANY version of BungeeCord (and forks)
[23:01:35] [main/WARN]: :>  apart from the versions listed below:
[23:01:35] [main/WARN]: :>  
[23:01:35] [main/WARN]: :>  - BungeeCord: 1.20-R0.3-SNAPSHOT:eda268b:1797
[23:01:35] [main/WARN]: :>  - Waterfall: 1.20-R0.2-SNAPSHOT:92b5149:562
[23:01:35] [main/WARN]: :>  - FlameCord: 1.1.1
[23:01:35] [main/WARN]: :>  
[23:01:35] [main/WARN]: :>  This is not a Bukkit/Spigot plugin!
[23:01:35] [main/WARN]: :>  
[23:01:35] [main/WARN]: :>  Use "-Deaglerxbungee.stfu=true" to hide
[23:01:35] [main/WARN]: :>  
[23:01:35] [main/WARN]: :>:>:>:>:>:>:>:>:>:>:>:>:>:>:>:>:>:>:>:>:>:>:>
[23:01:35] [main/INFO] [EaglercraftXBungee]: Loading vanilla profile: lax1dude
[23:01:36] [Skin Download Thread #1/INFO] [EaglercraftXBungee]: Loaded vanilla profile: lax1dude
[23:01:36] [main/INFO]: Loaded plugin EaglercraftXBungee version 1.0.10 by lax1dude
[23:01:36] [main/WARN]: Forced host server pvp is not defined
[23:01:37] [main/INFO]: Enabled plugin reconnect_yaml version git:reconnect_yaml:1.19-R0.1-SNAPSHOT:f6069e2:513 by WaterfallMC
[23:01:37] [main/INFO]: Enabled plugin cmd_find version git:cmd_find:1.19-R0.1-SNAPSHOT:f6069e2:513 by WaterfallMC
[23:01:37] [main/INFO]: Enabled plugin cmd_server version git:cmd_server:1.19-R0.1-SNAPSHOT:f6069e2:513 by WaterfallMC
[23:01:37] [main/INFO]: Enabled plugin cmd_alert version git:cmd_alert:1.19-R0.1-SNAPSHOT:f6069e2:513 by WaterfallMC
[23:01:37] [main/INFO]: Enabled plugin cmd_send version git:cmd_send:1.19-R0.1-SNAPSHOT:f6069e2:513 by WaterfallMC
[23:01:37] [main/INFO]: Enabled plugin cmd_list version git:cmd_list:1.19-R0.1-SNAPSHOT:f6069e2:513 by WaterfallMC
[23:01:37] [main/ERROR] [EaglercraftXBungee]: Online mode is set to false! Authentication system has been disabled
[23:01:37] [Netty Worker IO Thread #0/INFO] [EaglercraftXBungee]: Eaglercraft is listening on: /0.0.0.0:8081
[23:01:37] [main/INFO] [EaglercraftXBungee]: Connected to database: jdbc:sqlite:eaglercraft_skins_cache.db
[23:01:37] [main/INFO]: Enabled plugin EaglercraftXBungee version 1.0.10 by lax1dude
[23:01:37] [Netty Boss IO Thread #0/INFO]: Listening on /127.0.0.1:25577
[23:01:38] [EaglerXBungee: Network Tick Tasks/INFO] [EaglercraftXBungee]: Loaded certificate: /workspaces/WikidCraftANARCHY/bungee/plugins/EaglercraftXBungee/eagcert/$dl.2c63d6a9be9d273db57d50cb026093cb97ea6e54.cert
[23:01:41] [Netty Worker IO Thread #1/INFO] [EaglercraftXBungee]: [/[0:0:0:0:0:0:0:1%0]:50842]: Connected via websocket
[23:01:41] [Netty Worker IO Thread #1/INFO] [EaglercraftXBungee]: [/[0:0:0:0:0:0:0:1%0]:50842]: Origin header is null
[23:01:41] [Netty Worker IO Thread #1/INFO] [EaglercraftXBungee]: [/[0:0:0:0:0:0:0:1%0]:50842]: Logged in as 'dummy'
[23:01:41] [Netty Worker IO Thread #1/INFO]: [/[0:0:0:0:0:0:0:1%0]:50842|dummy] -> UpstreamBridge has connected
[23:01:42] [Netty Worker IO Thread #1/INFO]: [dummy|/[0:0:0:0:0:0:0:1%0]:50842] <-> ServerConnector [lobby] has connected
[23:01:49] [Netty Worker IO Thread #2/INFO] [EaglercraftXBungee]: [/[0:0:0:0:0:0:0:1%0]:49248]: Connected via websocket
[23:01:49] [Netty Worker IO Thread #2/INFO] [EaglercraftXBungee]: [/[0:0:0:0:0:0:0:1%0]:49248]: Origin header is http://localhost:8081
[23:01:49] [Netty Worker IO Thread #2/INFO] [EaglercraftXBungee]: [/[0:0:0:0:0:0:0:1%0]:49248]: Logged in as 'Speedyblue'
[23:01:49] [Netty Worker IO Thread #2/INFO]: [/[0:0:0:0:0:0:0:1%0]:49248|Speedyblue] -> UpstreamBridge has connected
[23:01:49] [Netty Worker IO Thread #2/INFO]: [Speedyblue|/[0:0:0:0:0:0:0:1%0]:49248] <-> ServerConnector [lobby] has connected
[23:14:43] [Netty Worker IO Thread #2/INFO]: [Speedyblue] disconnected with: You are banned from this server.
[23:14:43] [Netty Worker IO Thread #2/INFO]: [/[0:0:0:0:0:0:0:1%0]:49248|Speedyblue] -> UpstreamBridge has disconnected
[23:14:43] [Netty Worker IO Thread #2/INFO]: [/[0:0:0:0:0:0:0:1%0]:49248|Speedyblue] <-> DownstreamBridge <-> [lobby] has disconnected
[23:16:03] [Netty Worker IO Thread #3/INFO] [EaglercraftXBungee]: [/[0:0:0:0:0:0:0:1%0]:35074]: Connected via websocket
[23:16:03] [Netty Worker IO Thread #3/INFO] [EaglercraftXBungee]: [/[0:0:0:0:0:0:0:1%0]:35074]: Origin header is http://localhost:8081
[23:16:03] [Netty Worker IO Thread #3/INFO] [EaglercraftXBungee]: [/[0:0:0:0:0:0:0:1%0]:35074]: Logged in as 'Speedyblue'
[23:16:03] [Netty Worker IO Thread #3/INFO]: [/[0:0:0:0:0:0:0:1%0]:35074|Speedyblue] -> UpstreamBridge has connected
[23:16:03] [Netty Worker IO Thread #3/INFO]: [Speedyblue|/[0:0:0:0:0:0:0:1%0]:35074] <-> ServerConnector [lobby] has connected
